[debug] [2025-05-13T14:23:53.585Z] ----------------------------------------------------------------------
[debug] [2025-05-13T14:23:53.589Z] Command:       C:\Program Files\nodejs\node.exe C:\Users\48517\AppData\Roaming\npm\node_modules\firebase-tools\lib\bin\firebase.js init
[debug] [2025-05-13T14:23:53.589Z] CLI Version:   14.3.1
[debug] [2025-05-13T14:23:53.589Z] Platform:      win32
[debug] [2025-05-13T14:23:53.590Z] Node Version:  v22.15.0
[debug] [2025-05-13T14:23:53.590Z] Time:          Tue May 13 2025 16:23:53 GMT+0200 (czas środkowoeuropejski letni)
[debug] [2025-05-13T14:23:53.590Z] ----------------------------------------------------------------------
[debug] 
[debug] [2025-05-13T14:23:53.597Z] > command requires scopes: ["email","openid","https://www.googleapis.com/auth/cloudplatformprojects.readonly","https://www.googleapis.com/auth/firebase","https://www.googleapis.com/auth/cloud-platform"]
[debug] [2025-05-13T14:23:53.598Z] > authorizing via signed-in user (gurall1998@gmail.com)
[info] 
     ######## #### ########  ######## ########     ###     ######  ########
     ##        ##  ##     ## ##       ##     ##  ##   ##  ##       ##
     ######    ##  ########  ######   ########  #########  ######  ######
     ##        ##  ##    ##  ##       ##     ## ##     ##       ## ##
     ##       #### ##     ## ######## ########  ##     ##  ######  ########

You're about to initialize a Firebase project in this directory:

  C:\Users\48517\Desktop\studia\sem4\e-learning wileoplatformowe\math-app

[debug] [2025-05-13T14:24:14.692Z] ExitPromptError: User force closed the prompt with SIGINT
    at Interface.sigint (C:\Users\48517\AppData\Roaming\npm\node_modules\firebase-tools\node_modules\@inquirer\core\dist\commonjs\lib\create-prompt.js:100:37)
    at Interface.emit (node:events:518:28)
    at Interface.emit (node:domain:489:12)
    at [_ttyWrite] [as _ttyWrite] (node:internal/readline/interface:1128:18)
    at ReadStream.onkeypress (node:internal/readline/interface:267:20)
    at ReadStream.emit (node:events:530:35)
    at ReadStream.emit (node:domain:489:12)
    at emitKeys (node:internal/readline/utils:370:14)
    at emitKeys.next (<anonymous>)
    at ReadStream.onData (node:internal/readline/emitKeypressEvents:64:36)
[error] 
[error] Error: An unexpected error has occurred.
